<?xml version="1.0" encoding="UTF-8"?>
<testng-results ignored="0" total="1" passed="1" failed="0" skipped="0">
  <reporter-output>
  </reporter-output>
  <suite started-at="2023-02-09T17:07:05 IST" name="Default suite" finished-at="2023-02-09T17:08:23 IST" duration-ms="77702">
    <groups>
    </groups>
    <test started-at="2023-02-09T17:07:05 IST" name="Default test" finished-at="2023-02-09T17:08:23 IST" duration-ms="77702">
      <class name="testngImplementation.CreateContactsTest">
        <test-method is-config="true" signature="classSetup()[pri:0, instance:testngImplementation.CreateContactsTest@60099951]" started-at="2023-02-09T17:07:05 IST" name="classSetup" finished-at="2023-02-09T17:07:06 IST" duration-ms="807" status="PASS">
          <reporter-output>
          </reporter-output>
        </test-method> <!-- classSetup -->
        <test-method is-config="true" signature="methodSetup()[pri:0, instance:testngImplementation.CreateContactsTest@60099951]" started-at="2023-02-09T17:07:06 IST" name="methodSetup" finished-at="2023-02-09T17:07:45 IST" duration-ms="38937" status="PASS">
          <reporter-output>
          </reporter-output>
        </test-method> <!-- methodSetup -->
        <test-method signature="createContactTest()[pri:0, instance:testngImplementation.CreateContactsTest@60099951]" started-at="2023-02-09T17:07:45 IST" name="createContactTest" finished-at="2023-02-09T17:08:20 IST" duration-ms="34505" status="PASS">
          <reporter-output>
          </reporter-output>
        </test-method> <!-- createContactTest -->
        <test-method is-config="true" signature="methodTeardown()[pri:0, instance:testngImplementation.CreateContactsTest@60099951]" started-at="2023-02-09T17:08:20 IST" name="methodTeardown" finished-at="2023-02-09T17:08:23 IST" duration-ms="3395" status="PASS">
          <reporter-output>
          </reporter-output>
        </test-method> <!-- methodTeardown -->
        <test-method is-config="true" signature="classTeardown()[pri:0, instance:testngImplementation.CreateContactsTest@60099951]" started-at="2023-02-09T17:08:23 IST" name="classTeardown" finished-at="2023-02-09T17:08:23 IST" duration-ms="1" status="PASS">
          <reporter-output>
          </reporter-output>
        </test-method> <!-- classTeardown -->
      </class> <!-- testngImplementation.CreateContactsTest -->
    </test> <!-- Default test -->
  </suite> <!-- Default suite -->
</testng-results>
