<?xml version="1.0" encoding="UTF-8"?>
<testng-results ignored="0" total="1" passed="1" failed="0" skipped="0">
  <reporter-output>
  </reporter-output>
  <suite started-at="2023-01-30T18:29:55 IST" name="Default suite" finished-at="2023-01-30T18:30:52 IST" duration-ms="57494">
    <groups>
    </groups>
    <test started-at="2023-01-30T18:29:55 IST" name="Default test" finished-at="2023-01-30T18:30:52 IST" duration-ms="57494">
      <class name="testngImplementation.CreateContactsTest">
        <test-method is-config="true" signature="classSetup()[pri:0, instance:testngImplementation.CreateContactsTest@e350b40]" started-at="2023-01-30T18:29:55 IST" name="classSetup" finished-at="2023-01-30T18:29:55 IST" duration-ms="743" status="PASS">
          <reporter-output>
          </reporter-output>
        </test-method> <!-- classSetup -->
        <test-method is-config="true" signature="methodSetup()[pri:0, instance:testngImplementation.CreateContactsTest@e350b40]" started-at="2023-01-30T18:29:55 IST" name="methodSetup" finished-at="2023-01-30T18:30:15 IST" duration-ms="19442" status="PASS">
          <reporter-output>
          </reporter-output>
        </test-method> <!-- methodSetup -->
        <test-method signature="createContactTest()[pri:0, instance:testngImplementation.CreateContactsTest@e350b40]" started-at="2023-01-30T18:30:15 IST" name="createContactTest" finished-at="2023-01-30T18:30:49 IST" duration-ms="33927" status="PASS">
          <reporter-output>
          </reporter-output>
        </test-method> <!-- createContactTest -->
        <test-method is-config="true" signature="methodTeardown()[pri:0, instance:testngImplementation.CreateContactsTest@e350b40]" started-at="2023-01-30T18:30:49 IST" name="methodTeardown" finished-at="2023-01-30T18:30:52 IST" duration-ms="3329" status="PASS">
          <reporter-output>
          </reporter-output>
        </test-method> <!-- methodTeardown -->
        <test-method is-config="true" signature="classTeardown()[pri:0, instance:testngImplementation.CreateContactsTest@e350b40]" started-at="2023-01-30T18:30:52 IST" name="classTeardown" finished-at="2023-01-30T18:30:52 IST" duration-ms="1" status="PASS">
          <reporter-output>
          </reporter-output>
        </test-method> <!-- classTeardown -->
      </class> <!-- testngImplementation.CreateContactsTest -->
    </test> <!-- Default test -->
  </suite> <!-- Default suite -->
</testng-results>
